<?xml version="1.0" encoding="UTF-8"?>
<testsuite xmlns:xsi="http://www.w3.org/2001/XMLSchema-instance" xsi:noNamespaceSchemaLocation="https://maven.apache.org/surefire/maven-surefire-plugin/xsd/surefire-test-report-3.0.xsd" version="3.0" name="TestSuite" time="83.431" tests="14" errors="0" skipped="0" failures="1">
  <properties>
    <property name="sun.desktop" value="windows"/>
    <property name="awt.toolkit" value="sun.awt.windows.WToolkit"/>
    <property name="file.encoding.pkg" value="sun.io"/>
    <property name="java.specification.version" value="1.8"/>
    <property name="webdriver.chrome.driver" value="C:\Program Files\chromedriver_win32\chromedriver.exe"/>
    <property name="sun.cpu.isalist" value="amd64"/>
    <property name="sun.jnu.encoding" value="Cp1252"/>
    <property name="java.class.path" value="C:\Users\soumyb\eclipse-workspace\OpenMrs\target\test-classes;C:\Users\soumyb\eclipse-workspace\OpenMrs\target\classes;C:\Users\soumyb\.m2\repository\io\cucumber\cucumber-java\7.6.0\cucumber-java-7.6.0.jar;C:\Users\soumyb\.m2\repository\io\cucumber\cucumber-core\7.6.0\cucumber-core-7.6.0.jar;C:\Users\soumyb\.m2\repository\io\cucumber\cucumber-gherkin\7.6.0\cucumber-gherkin-7.6.0.jar;C:\Users\soumyb\.m2\repository\io\cucumber\cucumber-gherkin-messages\7.6.0\cucumber-gherkin-messages-7.6.0.jar;C:\Users\soumyb\.m2\repository\io\cucumber\gherkin\24.0.0\gherkin-24.0.0.jar;C:\Users\soumyb\.m2\repository\io\cucumber\messages\19.0.0\messages-19.0.0.jar;C:\Users\soumyb\.m2\repository\io\cucumber\tag-expressions\4.1.0\tag-expressions-4.1.0.jar;C:\Users\soumyb\.m2\repository\io\cucumber\cucumber-expressions\16.0.0\cucumber-expressions-16.0.0.jar;C:\Users\soumyb\.m2\repository\io\cucumber\datatable\7.6.0\datatable-7.6.0.jar;C:\Users\soumyb\.m2\repository\io\cucumber\cucumber-plugin\7.6.0\cucumber-plugin-7.6.0.jar;C:\Users\soumyb\.m2\repository\io\cucumber\docstring\7.6.0\docstring-7.6.0.jar;C:\Users\soumyb\.m2\repository\io\cucumber\html-formatter\20.0.0\html-formatter-20.0.0.jar;C:\Users\soumyb\.m2\repository\io\cucumber\ci-environment\9.1.0\ci-environment-9.1.0.jar;C:\Users\soumyb\.m2\repository\org\apiguardian\apiguardian-api\1.1.2\apiguardian-api-1.1.2.jar;C:\Users\soumyb\.m2\repository\org\seleniumhq\selenium\selenium-java\4.4.0\selenium-java-4.4.0.jar;C:\Users\soumyb\.m2\repository\org\seleniumhq\selenium\selenium-api\4.4.0\selenium-api-4.4.0.jar;C:\Users\soumyb\.m2\repository\org\seleniumhq\selenium\selenium-chrome-driver\4.4.0\selenium-chrome-driver-4.4.0.jar;C:\Users\soumyb\.m2\repository\com\google\auto\service\auto-service-annotations\1.0.1\auto-service-annotations-1.0.1.jar;C:\Users\soumyb\.m2\repository\com\google\auto\service\auto-service\1.0.1\auto-service-1.0.1.jar;C:\Users\soumyb\.m2\repository\com\google\auto\auto-common\1.2\auto-common-1.2.jar;C:\Users\soumyb\.m2\repository\com\google\guava\guava\31.1-jre\guava-31.1-jre.jar;C:\Users\soumyb\.m2\repository\com\google\guava\failureaccess\1.0.1\failureaccess-1.0.1.jar;C:\Users\soumyb\.m2\repository\com\google\guava\listenablefuture\9999.0-empty-to-avoid-conflict-with-guava\listenablefuture-9999.0-empty-to-avoid-conflict-with-guava.jar;C:\Users\soumyb\.m2\repository\com\google\code\findbugs\jsr305\3.0.2\jsr305-3.0.2.jar;C:\Users\soumyb\.m2\repository\org\checkerframework\checker-qual\3.12.0\checker-qual-3.12.0.jar;C:\Users\soumyb\.m2\repository\com\google\errorprone\error_prone_annotations\2.11.0\error_prone_annotations-2.11.0.jar;C:\Users\soumyb\.m2\repository\com\google\j2objc\j2objc-annotations\1.3\j2objc-annotations-1.3.jar;C:\Users\soumyb\.m2\repository\org\seleniumhq\selenium\selenium-chromium-driver\4.4.0\selenium-chromium-driver-4.4.0.jar;C:\Users\soumyb\.m2\repository\org\seleniumhq\selenium\selenium-json\4.4.0\selenium-json-4.4.0.jar;C:\Users\soumyb\.m2\repository\org\seleniumhq\selenium\selenium-devtools-v102\4.4.0\selenium-devtools-v102-4.4.0.jar;C:\Users\soumyb\.m2\repository\org\seleniumhq\selenium\selenium-devtools-v103\4.4.0\selenium-devtools-v103-4.4.0.jar;C:\Users\soumyb\.m2\repository\org\seleniumhq\selenium\selenium-devtools-v104\4.4.0\selenium-devtools-v104-4.4.0.jar;C:\Users\soumyb\.m2\repository\org\seleniumhq\selenium\selenium-devtools-v85\4.4.0\selenium-devtools-v85-4.4.0.jar;C:\Users\soumyb\.m2\repository\org\seleniumhq\selenium\selenium-edge-driver\4.4.0\selenium-edge-driver-4.4.0.jar;C:\Users\soumyb\.m2\repository\org\seleniumhq\selenium\selenium-firefox-driver\4.4.0\selenium-firefox-driver-4.4.0.jar;C:\Users\soumyb\.m2\repository\org\seleniumhq\selenium\selenium-ie-driver\4.4.0\selenium-ie-driver-4.4.0.jar;C:\Users\soumyb\.m2\repository\org\seleniumhq\selenium\selenium-opera-driver\4.4.0\selenium-opera-driver-4.4.0.jar;C:\Users\soumyb\.m2\repository\org\seleniumhq\selenium\selenium-remote-driver\4.4.0\selenium-remote-driver-4.4.0.jar;C:\Users\soumyb\.m2\repository\io\netty\netty-buffer\4.1.78.Final\netty-buffer-4.1.78.Final.jar;C:\Users\soumyb\.m2\repository\io\netty\netty-codec-http\4.1.78.Final\netty-codec-http-4.1.78.Final.jar;C:\Users\soumyb\.m2\repository\io\netty\netty-codec\4.1.78.Final\netty-codec-4.1.78.Final.jar;C:\Users\soumyb\.m2\repository\io\netty\netty-handler\4.1.78.Final\netty-handler-4.1.78.Final.jar;C:\Users\soumyb\.m2\repository\io\netty\netty-common\4.1.78.Final\netty-common-4.1.78.Final.jar;C:\Users\soumyb\.m2\repository\io\netty\netty-transport-classes-epoll\4.1.78.Final\netty-transport-classes-epoll-4.1.78.Final.jar;C:\Users\soumyb\.m2\repository\io\netty\netty-transport-classes-kqueue\4.1.78.Final\netty-transport-classes-kqueue-4.1.78.Final.jar;C:\Users\soumyb\.m2\repository\io\netty\netty-transport-native-epoll\4.1.78.Final\netty-transport-native-epoll-4.1.78.Final.jar;C:\Users\soumyb\.m2\repository\io\netty\netty-transport-native-kqueue\4.1.78.Final\netty-transport-native-kqueue-4.1.78.Final.jar;C:\Users\soumyb\.m2\repository\io\netty\netty-transport-native-unix-common\4.1.78.Final\netty-transport-native-unix-common-4.1.78.Final.jar;C:\Users\soumyb\.m2\repository\io\netty\netty-transport\4.1.78.Final\netty-transport-4.1.78.Final.jar;C:\Users\soumyb\.m2\repository\io\netty\netty-resolver\4.1.78.Final\netty-resolver-4.1.78.Final.jar;C:\Users\soumyb\.m2\repository\io\opentelemetry\opentelemetry-api\1.16.0\opentelemetry-api-1.16.0.jar;C:\Users\soumyb\.m2\repository\io\opentelemetry\opentelemetry-context\1.16.0\opentelemetry-context-1.16.0.jar;C:\Users\soumyb\.m2\repository\io\opentelemetry\opentelemetry-exporter-logging\1.16.0\opentelemetry-exporter-logging-1.16.0.jar;C:\Users\soumyb\.m2\repository\io\opentelemetry\opentelemetry-sdk-metrics\1.16.0\opentelemetry-sdk-metrics-1.16.0.jar;C:\Users\soumyb\.m2\repository\io\opentelemetry\opentelemetry-sdk-logs\1.16.0-alpha\opentelemetry-sdk-logs-1.16.0-alpha.jar;C:\Users\soumyb\.m2\repository\io\opentelemetry\opentelemetry-sdk-common\1.16.0\opentelemetry-sdk-common-1.16.0.jar;C:\Users\soumyb\.m2\repository\io\opentelemetry\opentelemetry-sdk-extension-autoconfigure-spi\1.16.0\opentelemetry-sdk-extension-autoconfigure-spi-1.16.0.jar;C:\Users\soumyb\.m2\repository\io\opentelemetry\opentelemetry-sdk-extension-autoconfigure\1.16.0-alpha\opentelemetry-sdk-extension-autoconfigure-1.16.0-alpha.jar;C:\Users\soumyb\.m2\repository\io\opentelemetry\opentelemetry-sdk-trace\1.16.0\opentelemetry-sdk-trace-1.16.0.jar;C:\Users\soumyb\.m2\repository\io\opentelemetry\opentelemetry-sdk\1.16.0\opentelemetry-sdk-1.16.0.jar;C:\Users\soumyb\.m2\repository\io\opentelemetry\opentelemetry-semconv\1.16.0-alpha\opentelemetry-semconv-1.16.0-alpha.jar;C:\Users\soumyb\.m2\repository\io\ous\jtoml\2.0.0\jtoml-2.0.0.jar;C:\Users\soumyb\.m2\repository\net\bytebuddy\byte-buddy\1.12.10\byte-buddy-1.12.10.jar;C:\Users\soumyb\.m2\repository\org\apache\commons\commons-exec\1.3\commons-exec-1.3.jar;C:\Users\soumyb\.m2\repository\org\asynchttpclient\async-http-client\2.12.3\async-http-client-2.12.3.jar;C:\Users\soumyb\.m2\repository\org\asynchttpclient\async-http-client-netty-utils\2.12.3\async-http-client-netty-utils-2.12.3.jar;C:\Users\soumyb\.m2\repository\io\netty\netty-codec-socks\4.1.60.Final\netty-codec-socks-4.1.60.Final.jar;C:\Users\soumyb\.m2\repository\io\netty\netty-handler-proxy\4.1.60.Final\netty-handler-proxy-4.1.60.Final.jar;C:\Users\soumyb\.m2\repository\io\netty\netty-transport-native-epoll\4.1.60.Final\netty-transport-native-epoll-4.1.60.Final-linux-x86_64.jar;C:\Users\soumyb\.m2\repository\io\netty\netty-transport-native-kqueue\4.1.60.Final\netty-transport-native-kqueue-4.1.60.Final-osx-x86_64.jar;C:\Users\soumyb\.m2\repository\org\reactivestreams\reactive-streams\1.0.3\reactive-streams-1.0.3.jar;C:\Users\soumyb\.m2\repository\com\typesafe\netty\netty-reactive-streams\2.0.4\netty-reactive-streams-2.0.4.jar;C:\Users\soumyb\.m2\repository\com\sun\activation\jakarta.activation\1.2.2\jakarta.activation-1.2.2.jar;C:\Users\soumyb\.m2\repository\org\seleniumhq\selenium\selenium-http\4.4.0\selenium-http-4.4.0.jar;C:\Users\soumyb\.m2\repository\dev\failsafe\failsafe\3.2.4\failsafe-3.2.4.jar;C:\Users\soumyb\.m2\repository\org\seleniumhq\selenium\selenium-safari-driver\4.4.0\selenium-safari-driver-4.4.0.jar;C:\Users\soumyb\.m2\repository\org\seleniumhq\selenium\selenium-support\4.4.0\selenium-support-4.4.0.jar;C:\Users\soumyb\.m2\repository\io\qameta\allure\allure-cucumber-jvm\2.19.0\allure-cucumber-jvm-2.19.0.jar;C:\Users\soumyb\.m2\repository\io\qameta\allure\allure-java-commons\2.19.0\allure-java-commons-2.19.0.jar;C:\Users\soumyb\.m2\repository\org\slf4j\slf4j-api\1.7.30\slf4j-api-1.7.30.jar;C:\Users\soumyb\.m2\repository\io\qameta\allure\allure-model\2.19.0\allure-model-2.19.0.jar;C:\Users\soumyb\.m2\repository\info\cukes\gherkin\2.12.2\gherkin-2.12.2.jar;C:\Users\soumyb\.m2\repository\io\cucumber\cucumber-junit\7.6.0\cucumber-junit-7.6.0.jar;C:\Users\soumyb\.m2\repository\junit\junit\4.13.2\junit-4.13.2.jar;C:\Users\soumyb\.m2\repository\org\hamcrest\hamcrest-core\1.3\hamcrest-core-1.3.jar;C:\Users\soumyb\.m2\repository\io\cucumber\cucumber-testng\7.6.0\cucumber-testng-7.6.0.jar;C:\Users\soumyb\.m2\repository\org\testng\testng\7.4.0\testng-7.4.0.jar;C:\Users\soumyb\.m2\repository\com\beust\jcommander\1.78\jcommander-1.78.jar;C:\Users\soumyb\.m2\repository\org\webjars\jquery\3.5.1\jquery-3.5.1.jar;"/>
    <property name="java.vm.vendor" value="Oracle Corporation"/>
    <property name="sun.arch.data.model" value="64"/>
    <property name="user.variant" value=""/>
    <property name="java.vendor.url" value="http://java.oracle.com/"/>
    <property name="user.timezone" value="Asia/Calcutta"/>
    <property name="java.vm.specification.version" value="1.8"/>
    <property name="os.name" value="Windows 10"/>
    <property name="user.country" value="US"/>
    <property name="sun.java.launcher" value="SUN_STANDARD"/>
    <property name="sun.boot.library.path" value="C:\ProgFiles\Java\jdk1.8.0_301\jre\bin"/>
    <property name="sun.java.command" value="C:\Users\soumyb\AppData\Local\Temp\surefire3293226020082872858\surefirebooter-20220910164145633_3.jar C:\Users\soumyb\AppData\Local\Temp\surefire3293226020082872858 2022-09-10T16-41-45_166-jvmRun1 surefire-20220910164145633_1tmp surefire_0-20220910164145633_2tmp"/>
    <property name="surefire.test.class.path" value="C:\Users\soumyb\eclipse-workspace\OpenMrs\target\test-classes;C:\Users\soumyb\eclipse-workspace\OpenMrs\target\classes;C:\Users\soumyb\.m2\repository\io\cucumber\cucumber-java\7.6.0\cucumber-java-7.6.0.jar;C:\Users\soumyb\.m2\repository\io\cucumber\cucumber-core\7.6.0\cucumber-core-7.6.0.jar;C:\Users\soumyb\.m2\repository\io\cucumber\cucumber-gherkin\7.6.0\cucumber-gherkin-7.6.0.jar;C:\Users\soumyb\.m2\repository\io\cucumber\cucumber-gherkin-messages\7.6.0\cucumber-gherkin-messages-7.6.0.jar;C:\Users\soumyb\.m2\repository\io\cucumber\gherkin\24.0.0\gherkin-24.0.0.jar;C:\Users\soumyb\.m2\repository\io\cucumber\messages\19.0.0\messages-19.0.0.jar;C:\Users\soumyb\.m2\repository\io\cucumber\tag-expressions\4.1.0\tag-expressions-4.1.0.jar;C:\Users\soumyb\.m2\repository\io\cucumber\cucumber-expressions\16.0.0\cucumber-expressions-16.0.0.jar;C:\Users\soumyb\.m2\repository\io\cucumber\datatable\7.6.0\datatable-7.6.0.jar;C:\Users\soumyb\.m2\repository\io\cucumber\cucumber-plugin\7.6.0\cucumber-plugin-7.6.0.jar;C:\Users\soumyb\.m2\repository\io\cucumber\docstring\7.6.0\docstring-7.6.0.jar;C:\Users\soumyb\.m2\repository\io\cucumber\html-formatter\20.0.0\html-formatter-20.0.0.jar;C:\Users\soumyb\.m2\repository\io\cucumber\ci-environment\9.1.0\ci-environment-9.1.0.jar;C:\Users\soumyb\.m2\repository\org\apiguardian\apiguardian-api\1.1.2\apiguardian-api-1.1.2.jar;C:\Users\soumyb\.m2\repository\org\seleniumhq\selenium\selenium-java\4.4.0\selenium-java-4.4.0.jar;C:\Users\soumyb\.m2\repository\org\seleniumhq\selenium\selenium-api\4.4.0\selenium-api-4.4.0.jar;C:\Users\soumyb\.m2\repository\org\seleniumhq\selenium\selenium-chrome-driver\4.4.0\selenium-chrome-driver-4.4.0.jar;C:\Users\soumyb\.m2\repository\com\google\auto\service\auto-service-annotations\1.0.1\auto-service-annotations-1.0.1.jar;C:\Users\soumyb\.m2\repository\com\google\auto\service\auto-service\1.0.1\auto-service-1.0.1.jar;C:\Users\soumyb\.m2\repository\com\google\auto\auto-common\1.2\auto-common-1.2.jar;C:\Users\soumyb\.m2\repository\com\google\guava\guava\31.1-jre\guava-31.1-jre.jar;C:\Users\soumyb\.m2\repository\com\google\guava\failureaccess\1.0.1\failureaccess-1.0.1.jar;C:\Users\soumyb\.m2\repository\com\google\guava\listenablefuture\9999.0-empty-to-avoid-conflict-with-guava\listenablefuture-9999.0-empty-to-avoid-conflict-with-guava.jar;C:\Users\soumyb\.m2\repository\com\google\code\findbugs\jsr305\3.0.2\jsr305-3.0.2.jar;C:\Users\soumyb\.m2\repository\org\checkerframework\checker-qual\3.12.0\checker-qual-3.12.0.jar;C:\Users\soumyb\.m2\repository\com\google\errorprone\error_prone_annotations\2.11.0\error_prone_annotations-2.11.0.jar;C:\Users\soumyb\.m2\repository\com\google\j2objc\j2objc-annotations\1.3\j2objc-annotations-1.3.jar;C:\Users\soumyb\.m2\repository\org\seleniumhq\selenium\selenium-chromium-driver\4.4.0\selenium-chromium-driver-4.4.0.jar;C:\Users\soumyb\.m2\repository\org\seleniumhq\selenium\selenium-json\4.4.0\selenium-json-4.4.0.jar;C:\Users\soumyb\.m2\repository\org\seleniumhq\selenium\selenium-devtools-v102\4.4.0\selenium-devtools-v102-4.4.0.jar;C:\Users\soumyb\.m2\repository\org\seleniumhq\selenium\selenium-devtools-v103\4.4.0\selenium-devtools-v103-4.4.0.jar;C:\Users\soumyb\.m2\repository\org\seleniumhq\selenium\selenium-devtools-v104\4.4.0\selenium-devtools-v104-4.4.0.jar;C:\Users\soumyb\.m2\repository\org\seleniumhq\selenium\selenium-devtools-v85\4.4.0\selenium-devtools-v85-4.4.0.jar;C:\Users\soumyb\.m2\repository\org\seleniumhq\selenium\selenium-edge-driver\4.4.0\selenium-edge-driver-4.4.0.jar;C:\Users\soumyb\.m2\repository\org\seleniumhq\selenium\selenium-firefox-driver\4.4.0\selenium-firefox-driver-4.4.0.jar;C:\Users\soumyb\.m2\repository\org\seleniumhq\selenium\selenium-ie-driver\4.4.0\selenium-ie-driver-4.4.0.jar;C:\Users\soumyb\.m2\repository\org\seleniumhq\selenium\selenium-opera-driver\4.4.0\selenium-opera-driver-4.4.0.jar;C:\Users\soumyb\.m2\repository\org\seleniumhq\selenium\selenium-remote-driver\4.4.0\selenium-remote-driver-4.4.0.jar;C:\Users\soumyb\.m2\repository\io\netty\netty-buffer\4.1.78.Final\netty-buffer-4.1.78.Final.jar;C:\Users\soumyb\.m2\repository\io\netty\netty-codec-http\4.1.78.Final\netty-codec-http-4.1.78.Final.jar;C:\Users\soumyb\.m2\repository\io\netty\netty-codec\4.1.78.Final\netty-codec-4.1.78.Final.jar;C:\Users\soumyb\.m2\repository\io\netty\netty-handler\4.1.78.Final\netty-handler-4.1.78.Final.jar;C:\Users\soumyb\.m2\repository\io\netty\netty-common\4.1.78.Final\netty-common-4.1.78.Final.jar;C:\Users\soumyb\.m2\repository\io\netty\netty-transport-classes-epoll\4.1.78.Final\netty-transport-classes-epoll-4.1.78.Final.jar;C:\Users\soumyb\.m2\repository\io\netty\netty-transport-classes-kqueue\4.1.78.Final\netty-transport-classes-kqueue-4.1.78.Final.jar;C:\Users\soumyb\.m2\repository\io\netty\netty-transport-native-epoll\4.1.78.Final\netty-transport-native-epoll-4.1.78.Final.jar;C:\Users\soumyb\.m2\repository\io\netty\netty-transport-native-kqueue\4.1.78.Final\netty-transport-native-kqueue-4.1.78.Final.jar;C:\Users\soumyb\.m2\repository\io\netty\netty-transport-native-unix-common\4.1.78.Final\netty-transport-native-unix-common-4.1.78.Final.jar;C:\Users\soumyb\.m2\repository\io\netty\netty-transport\4.1.78.Final\netty-transport-4.1.78.Final.jar;C:\Users\soumyb\.m2\repository\io\netty\netty-resolver\4.1.78.Final\netty-resolver-4.1.78.Final.jar;C:\Users\soumyb\.m2\repository\io\opentelemetry\opentelemetry-api\1.16.0\opentelemetry-api-1.16.0.jar;C:\Users\soumyb\.m2\repository\io\opentelemetry\opentelemetry-context\1.16.0\opentelemetry-context-1.16.0.jar;C:\Users\soumyb\.m2\repository\io\opentelemetry\opentelemetry-exporter-logging\1.16.0\opentelemetry-exporter-logging-1.16.0.jar;C:\Users\soumyb\.m2\repository\io\opentelemetry\opentelemetry-sdk-metrics\1.16.0\opentelemetry-sdk-metrics-1.16.0.jar;C:\Users\soumyb\.m2\repository\io\opentelemetry\opentelemetry-sdk-logs\1.16.0-alpha\opentelemetry-sdk-logs-1.16.0-alpha.jar;C:\Users\soumyb\.m2\repository\io\opentelemetry\opentelemetry-sdk-common\1.16.0\opentelemetry-sdk-common-1.16.0.jar;C:\Users\soumyb\.m2\repository\io\opentelemetry\opentelemetry-sdk-extension-autoconfigure-spi\1.16.0\opentelemetry-sdk-extension-autoconfigure-spi-1.16.0.jar;C:\Users\soumyb\.m2\repository\io\opentelemetry\opentelemetry-sdk-extension-autoconfigure\1.16.0-alpha\opentelemetry-sdk-extension-autoconfigure-1.16.0-alpha.jar;C:\Users\soumyb\.m2\repository\io\opentelemetry\opentelemetry-sdk-trace\1.16.0\opentelemetry-sdk-trace-1.16.0.jar;C:\Users\soumyb\.m2\repository\io\opentelemetry\opentelemetry-sdk\1.16.0\opentelemetry-sdk-1.16.0.jar;C:\Users\soumyb\.m2\repository\io\opentelemetry\opentelemetry-semconv\1.16.0-alpha\opentelemetry-semconv-1.16.0-alpha.jar;C:\Users\soumyb\.m2\repository\io\ous\jtoml\2.0.0\jtoml-2.0.0.jar;C:\Users\soumyb\.m2\repository\net\bytebuddy\byte-buddy\1.12.10\byte-buddy-1.12.10.jar;C:\Users\soumyb\.m2\repository\org\apache\commons\commons-exec\1.3\commons-exec-1.3.jar;C:\Users\soumyb\.m2\repository\org\asynchttpclient\async-http-client\2.12.3\async-http-client-2.12.3.jar;C:\Users\soumyb\.m2\repository\org\asynchttpclient\async-http-client-netty-utils\2.12.3\async-http-client-netty-utils-2.12.3.jar;C:\Users\soumyb\.m2\repository\io\netty\netty-codec-socks\4.1.60.Final\netty-codec-socks-4.1.60.Final.jar;C:\Users\soumyb\.m2\repository\io\netty\netty-handler-proxy\4.1.60.Final\netty-handler-proxy-4.1.60.Final.jar;C:\Users\soumyb\.m2\repository\io\netty\netty-transport-native-epoll\4.1.60.Final\netty-transport-native-epoll-4.1.60.Final-linux-x86_64.jar;C:\Users\soumyb\.m2\repository\io\netty\netty-transport-native-kqueue\4.1.60.Final\netty-transport-native-kqueue-4.1.60.Final-osx-x86_64.jar;C:\Users\soumyb\.m2\repository\org\reactivestreams\reactive-streams\1.0.3\reactive-streams-1.0.3.jar;C:\Users\soumyb\.m2\repository\com\typesafe\netty\netty-reactive-streams\2.0.4\netty-reactive-streams-2.0.4.jar;C:\Users\soumyb\.m2\repository\com\sun\activation\jakarta.activation\1.2.2\jakarta.activation-1.2.2.jar;C:\Users\soumyb\.m2\repository\org\seleniumhq\selenium\selenium-http\4.4.0\selenium-http-4.4.0.jar;C:\Users\soumyb\.m2\repository\dev\failsafe\failsafe\3.2.4\failsafe-3.2.4.jar;C:\Users\soumyb\.m2\repository\org\seleniumhq\selenium\selenium-safari-driver\4.4.0\selenium-safari-driver-4.4.0.jar;C:\Users\soumyb\.m2\repository\org\seleniumhq\selenium\selenium-support\4.4.0\selenium-support-4.4.0.jar;C:\Users\soumyb\.m2\repository\io\qameta\allure\allure-cucumber-jvm\2.19.0\allure-cucumber-jvm-2.19.0.jar;C:\Users\soumyb\.m2\repository\io\qameta\allure\allure-java-commons\2.19.0\allure-java-commons-2.19.0.jar;C:\Users\soumyb\.m2\repository\org\slf4j\slf4j-api\1.7.30\slf4j-api-1.7.30.jar;C:\Users\soumyb\.m2\repository\io\qameta\allure\allure-model\2.19.0\allure-model-2.19.0.jar;C:\Users\soumyb\.m2\repository\info\cukes\gherkin\2.12.2\gherkin-2.12.2.jar;C:\Users\soumyb\.m2\repository\io\cucumber\cucumber-junit\7.6.0\cucumber-junit-7.6.0.jar;C:\Users\soumyb\.m2\repository\junit\junit\4.13.2\junit-4.13.2.jar;C:\Users\soumyb\.m2\repository\org\hamcrest\hamcrest-core\1.3\hamcrest-core-1.3.jar;C:\Users\soumyb\.m2\repository\io\cucumber\cucumber-testng\7.6.0\cucumber-testng-7.6.0.jar;C:\Users\soumyb\.m2\repository\org\testng\testng\7.4.0\testng-7.4.0.jar;C:\Users\soumyb\.m2\repository\com\beust\jcommander\1.78\jcommander-1.78.jar;C:\Users\soumyb\.m2\repository\org\webjars\jquery\3.5.1\jquery-3.5.1.jar;"/>
    <property name="sun.cpu.endian" value="little"/>
    <property name="user.home" value="C:\Users\soumyb"/>
    <property name="user.language" value="en"/>
    <property name="java.specification.vendor" value="Oracle Corporation"/>
    <property name="java.home" value="C:\ProgFiles\Java\jdk1.8.0_301\jre"/>
    <property name="basedir" value="C:\Users\soumyb\eclipse-workspace\OpenMrs"/>
    <property name="file.separator" value="\"/>
    <property name="line.separator" value="&#10;"/>
    <property name="java.vm.specification.vendor" value="Oracle Corporation"/>
    <property name="java.specification.name" value="Java Platform API Specification"/>
    <property name="java.awt.graphicsenv" value="sun.awt.Win32GraphicsEnvironment"/>
    <property name="surefire.real.class.path" value="C:\Users\soumyb\AppData\Local\Temp\surefire3293226020082872858\surefirebooter-20220910164145633_3.jar"/>
    <property name="sun.boot.class.path" value="C:\ProgFiles\Java\jdk1.8.0_301\jre\lib\resources.jar;C:\ProgFiles\Java\jdk1.8.0_301\jre\lib\rt.jar;C:\ProgFiles\Java\jdk1.8.0_301\jre\lib\sunrsasign.jar;C:\ProgFiles\Java\jdk1.8.0_301\jre\lib\jsse.jar;C:\ProgFiles\Java\jdk1.8.0_301\jre\lib\jce.jar;C:\ProgFiles\Java\jdk1.8.0_301\jre\lib\charsets.jar;C:\ProgFiles\Java\jdk1.8.0_301\jre\lib\jfr.jar;C:\ProgFiles\Java\jdk1.8.0_301\jre\classes"/>
    <property name="user.script" value=""/>
    <property name="sun.management.compiler" value="HotSpot 64-Bit Tiered Compilers"/>
    <property name="java.runtime.version" value="1.8.0_301-b09"/>
    <property name="user.name" value="soumyb"/>
    <property name="path.separator" value=";"/>
    <property name="os.version" value="10.0"/>
    <property name="java.endorsed.dirs" value="C:\ProgFiles\Java\jdk1.8.0_301\jre\lib\endorsed"/>
    <property name="java.runtime.name" value="Java(TM) SE Runtime Environment"/>
    <property name="file.encoding" value="Cp1252"/>
    <property name="java.vm.name" value="Java HotSpot(TM) 64-Bit Server VM"/>
    <property name="localRepository" value="C:\Users\soumyb\.m2\repository"/>
    <property name="java.vendor.url.bug" value="http://bugreport.sun.com/bugreport/"/>
    <property name="java.io.tmpdir" value="C:\Users\soumyb\AppData\Local\Temp\"/>
    <property name="java.version" value="1.8.0_301"/>
    <property name="user.dir" value="C:\Users\soumyb\eclipse-workspace\OpenMrs"/>
    <property name="os.arch" value="amd64"/>
    <property name="java.vm.specification.name" value="Java Virtual Machine Specification"/>
    <property name="java.awt.printerjob" value="sun.awt.windows.WPrinterJob"/>
    <property name="sun.os.patch.level" value=""/>
    <property name="java.library.path" value="C:\ProgFiles\Java\jdk1.8.0_301\jre\bin;C:\WINDOWS\Sun\Java\bin;C:\WINDOWS\system32;C:\WINDOWS;C:/ProgFiles/eclipse//plugins/org.eclipse.justj.openjdk.hotspot.jre.full.win32.x86_64_16.0.1.v20210528-1205/jre/bin/server;C:/ProgFiles/eclipse//plugins/org.eclipse.justj.openjdk.hotspot.jre.full.win32.x86_64_16.0.1.v20210528-1205/jre/bin;O:\ora11202w\BIN;C:\Program Files (x86)\Common Files\ISIS\isiscomm\w3\lib;C:\Program Files (x86)\Common Files\Oracle\Java\javapath;C:\Program Files (x86)\RSA SecurID Token Common;C:\WINDOWS\system32;C:\WINDOWS;C:\WINDOWS\System32\Wbem;C:\WINDOWS\System32\WindowsPowerShell\v1.0\;C:\WINDOWS\System32\OpenSSH\;C:\Program Files\PuTTY\;C:\jq\;C:\Program Files\Amazon\SessionManagerPlugin\bin\;C:\Program Files\Amazon\AWSCLIV2\;C:\ProgFiles\Java\jdk1.8.0_301\bin;C:\Program Files\apache-maven-3.6.3\bin;C:\ProgFiles\Mockito\mockito-all-2.0.2-beta.jar;C:\ProgFiles\apache-ant-1.10.11\bin;C:\Program Files\nodejs\;C:\Program Files\Git\cmd;C:\jq\;C:\Users\soumyb\AppData\Local\Microsoft\WindowsApps;C:\Users\soumyb\AppData\Local\GitHubDesktop\bin;C:\Users\soumyb\AppData\Roaming\npm;C:\ProgFiles\eclipse;;."/>
    <property name="java.vm.info" value="mixed mode"/>
    <property name="java.vendor" value="Oracle Corporation"/>
    <property name="java.vm.version" value="25.301-b09"/>
    <property name="java.ext.dirs" value="C:\ProgFiles\Java\jdk1.8.0_301\jre\lib\ext;C:\WINDOWS\Sun\Java\lib\ext"/>
    <property name="sun.io.unicode.encoding" value="UnicodeLittle"/>
    <property name="java.class.version" value="52.0"/>
  </properties>
  <testcase name="runScenario[&quot;Login to Application&quot;, &quot;Scenarios for open MRS application&quot;](1)" classname="runner.JRunnerTest" time="4.745">
    <system-out><![CDATA[
@Login
Scenario: Login to Application                                  # Feature//openMRS.feature:23
  Given I am on MRS Login Page                                  # stepDef.openMrsStep.i_am_on_mrs_login_page()
  When I enter "Admin" and "Admin123" for username and Password # stepDef.openMrsStep.i_enter_and_for_username_and_password(java.lang.String,java.lang.String)
  And Select any Location for the session                       # stepDef.openMrsStep.select_any_location_for_the_session()
  And Click on Login                                            # stepDef.openMrsStep.click_on_login()
  Then Login should be successful                               # stepDef.openMrsStep.login_should_be_successful()
]]></system-out>
    <system-err><![CDATA[SLF4J: Failed to load class "org.slf4j.impl.StaticLoggerBinder".
SLF4J: Defaulting to no-operation (NOP) logger implementation
SLF4J: See http://www.slf4j.org/codes.html#StaticLoggerBinder for further details.
Starting ChromeDriver 105.0.5195.52 (412c95e518836d8a7d97250d62b29c2ae6a26a85-refs/branch-heads/5195@{#853}) on port 63074
Only local connections are allowed.
Please see https://chromedriver.chromium.org/security-considerations for suggestions on keeping ChromeDriver safe.
ChromeDriver was started successfully.
Sep 10, 2022 4:41:52 PM org.openqa.selenium.remote.ProtocolHandshake createSession
INFO: Detected upstream dialect: W3C
Sep 10, 2022 4:41:52 PM org.openqa.selenium.devtools.CdpVersionFinder findNearestMatch
WARNING: Unable to find an exact match for CDP version 105, so returning the closest version found: 104
Sep 10, 2022 4:41:52 PM org.openqa.selenium.devtools.CdpVersionFinder findNearestMatch
INFO: Found CDP implementation for version 105 of 104
]]></system-err>
  </testcase>
  <testcase name="runScenario[&quot;Register Patient&quot;, &quot;Scenarios for open MRS application&quot;](2)" classname="runner.JRunnerTest" time="6.314">
    <system-out><![CDATA[
@Register
Scenario: Register Patient                     # Feature//openMRS.feature:31
  Given I am on MRS Home Page                  # stepDef.openMrsStep.i_am_on_mrs_home_page()
  When I click on Register for a patient       # stepDef.openMrsStep.i_click_on_register_for_a_patient()
  Then Register Patient Page must be displayed # stepDef.openMrsStep.register_patient_page_must_be_displayed()
]]></system-out>
  </testcase>
  <testcase name="runScenario[&quot;Provide Demographics of the patient&quot;, &quot;Scenarios for open MRS application&quot;](3)" classname="runner.JRunnerTest" time="0.691">
    <system-out><![CDATA[
@Register
Scenario: Provide Demographics of the patient # Feature//openMRS.feature:37
  Given I am on Register a patient Page       # stepDef.openMrsStep.i_am_on_register_a_patient_page()
  When I give the patients name               # stepDef.openMrsStep.i_give_the_patients_name()
  And Click on Next                           # stepDef.openMrsStep.click_on_next()
  Then Gender Screen Must be displayed        # stepDef.openMrsStep.gender_screen_must_be_displayed()
]]></system-out>
  </testcase>
  <testcase name="runScenario[&quot;Provide Gender of the Patient&quot;, &quot;Scenarios for open MRS application&quot;](4)" classname="runner.JRunnerTest" time="0.319">
    <system-out><![CDATA[
@Register
Scenario: Provide Gender of the Patient   # Feature//openMRS.feature:44
  Given I am on Gender Screen             # stepDef.openMrsStep.i_am_on_gender_screen()
  When I select Gender                    # stepDef.openMrsStep.i_select_gender()
  And Click on Next                       # stepDef.openMrsStep.click_on_next()
  Then Birthdate Screen must be displayed # stepDef.openMrsStep.birthdate_screen_must_be_displayed()
]]></system-out>
  </testcase>
  <testcase name="runScenario[&quot;Provide Birthdate of the Patient&quot;, &quot;Scenarios for open MRS application&quot;](5)" classname="runner.JRunnerTest" time="0.905">
    <system-out><![CDATA[
@Register
Scenario: Provide Birthdate of the Patient # Feature//openMRS.feature:51
  Given I am on BirthDate Screen           # stepDef.openMrsStep.i_am_on_birth_date_screen()
  When I give the Birth date               # stepDef.openMrsStep.i_give_the_birth_date()
  And Click on Next                        # stepDef.openMrsStep.click_on_next()
  Then Address Screen must be displayed    # stepDef.openMrsStep.address_screen_must_be_displayed()
]]></system-out>
  </testcase>
  <testcase name="runScenario[&quot;Provide address of the patient&quot;, &quot;Scenarios for open MRS application&quot;](6)" classname="runner.JRunnerTest" time="1.121">
    <system-out><![CDATA[
@Register
Scenario: Provide address of the patient     # Feature//openMRS.feature:58
  Given I am on Address Screen               # stepDef.openMrsStep.i_am_on_address_screen()
  When I give the address of the patient     # stepDef.openMrsStep.i_give_the_address_of_the_patient()
  And Click on Next                          # stepDef.openMrsStep.click_on_next()
  Then Phone Number Screen must be displayed # stepDef.openMrsStep.phone_number_screen_must_be_displayed()
]]></system-out>
  </testcase>
  <testcase name="runScenario[&quot;Provide Phone number of the patient&quot;, &quot;Scenarios for open MRS application&quot;](7)" classname="runner.JRunnerTest" time="0.315">
    <system-out><![CDATA[
@Register
Scenario: Provide Phone number of the patient # Feature//openMRS.feature:65
  Given I am on Phone Number Screen           # stepDef.openMrsStep.i_am_on_phone_number_screen()
  When I give the Phone number                # stepDef.openMrsStep.i_give_the_phone_number()
  And Click on Next                           # stepDef.openMrsStep.click_on_next()
  Then Relatives Screen must be displayed     # stepDef.openMrsStep.relatives_screen_must_be_displayed()
]]></system-out>
  </testcase>
  <testcase name="runScenario[&quot;Provide Relatives info&quot;, &quot;Scenarios for open MRS application&quot;](8)" classname="runner.JRunnerTest" time="10.845">
    <system-out><![CDATA[
@Register
Scenario: Provide Relatives info                 # Feature//openMRS.feature:72
  Given I am on Relatives Screen                 # stepDef.openMrsStep.i_am_on_relatives_screen()
  When I give the Relatives info                 # stepDef.openMrsStep.i_give_the_relatives_info()
  And Click on Next                              # stepDef.openMrsStep.click_on_next()
  And Click on Confirm                           # stepDef.openMrsStep.click_on_confirm()
  Then Patients Dashboard Page must be displayed # stepDef.openMrsStep.patients_dashboard_page_must_be_displayed()
]]></system-out>
  </testcase>
  <testcase name="runScenario[&quot;Find Patient&quot;, &quot;Scenarios for open MRS application&quot;](9)" classname="runner.JRunnerTest" time="3.605">
    <system-out><![CDATA[
@Find
Scenario: Find Patient                            # Feature//openMRS.feature:80
  Given I am on Home Page                         # stepDef.openMrsStep.i_am_on_home_page()
  When I click on Find Patient Record             # stepDef.openMrsStep.i_click_on_find_patient_record()
  Then Find Patient Record Page must be displayed # stepDef.openMrsStep.find_patient_record_page_must_be_displayed()
]]></system-out>
  </testcase>
  <testcase name="runScenario[&quot;View Patient&quot;, &quot;Scenarios for open MRS application&quot;](10)" classname="runner.JRunnerTest" time="3.394">
    <system-out><![CDATA[
@View
Scenario: View Patient                                       # Feature//openMRS.feature:86
  Given I am on Find Patient Record Page                     # stepDef.openMrsStep.i_am_on_find_patient_record_page()
  When I Search by Name                                      # stepDef.openMrsStep.i_search_by_name()
  Then Patients record should be displayed with correct info # stepDef.openMrsStep.patients_record_should_be_displayed_with_correct_info()
]]></system-out>
  </testcase>
  <testcase name="runScenario[&quot;Add an attachment to the patient&quot;, &quot;Scenarios for open MRS application&quot;](11)" classname="runner.JRunnerTest" time="3.157">
    <system-out><![CDATA[
@Attachment
Scenario: Add an attachment to the patient  # Feature//openMRS.feature:99
  Given I am on Patients Dashboard Page     # stepDef.openMrsStep.i_am_on_patients_dashboard_page()
  When I Click on Attachments               # stepDef.openMrsStep.i_click_on_attachments()
  Then Attachments Screen must be displayed # stepDef.openMrsStep.attachments_screen_must_be_displayed()
]]></system-out>
  </testcase>
  <testcase name="runScenario[&quot;Add the attachment&quot;, &quot;Scenarios for open MRS application&quot;](12)" classname="runner.JRunnerTest" time="5.863">
    <failure message="Expected condition failed: waiting for element found by By.cssSelector: textarea[placeholder=&apos;Enter a note&apos;] to be selected (tried for 5 second(s) with 500 milliseconds interval)&#10;Build info: version: &apos;4.4.0&apos;, revision: &apos;e5c75ed026a&apos;&#10;System info: host: &apos;DVCINH6099148&apos;, ip: &apos;192.168.208.1&apos;, os.name: &apos;Windows 10&apos;, os.arch: &apos;amd64&apos;, os.version: &apos;10.0&apos;, java.version: &apos;1.8.0_301&apos;&#10;Driver info: org.openqa.selenium.chrome.ChromeDriver&#10;Capabilities {acceptInsecureCerts: false, browserName: chrome, browserVersion: 105.0.5195.102, chrome: {chromedriverVersion: 105.0.5195.52 (412c95e51883..., userDataDir: C:\Users\soumyb\AppData\Loc...}, goog:chromeOptions: {debuggerAddress: localhost:2767}, networkConnectionEnabled: false, pageLoadStrategy: normal, platformName: WINDOWS, proxy: Proxy(), se:cdp: ws://localhost:2767/devtool..., se:cdpVersion: 105.0.5195.102, setWindowRect: true, strictFileInteractability: false, timeouts: {implicit: 0, pageLoad: 300000, script: 30000}, unhandledPromptBehavior: dismiss and notify, webauthn:extension:credBlob: true, webauthn:extension:largeBlob: true, webauthn:virtualAuthenticators: true}&#10;Session ID: 92a4fc83e0a03d2decad2a2b2c49718b" type="org.openqa.selenium.TimeoutException"><![CDATA[org.openqa.selenium.TimeoutException: 
Expected condition failed: waiting for element found by By.cssSelector: textarea[placeholder='Enter a note'] to be selected (tried for 5 second(s) with 500 milliseconds interval)
Build info: version: '4.4.0', revision: 'e5c75ed026a'
System info: host: 'DVCINH6099148', ip: '192.168.208.1', os.name: 'Windows 10', os.arch: 'amd64', os.version: '10.0', java.version: '1.8.0_301'
Driver info: org.openqa.selenium.chrome.ChromeDriver
Capabilities {acceptInsecureCerts: false, browserName: chrome, browserVersion: 105.0.5195.102, chrome: {chromedriverVersion: 105.0.5195.52 (412c95e51883..., userDataDir: C:\Users\soumyb\AppData\Loc...}, goog:chromeOptions: {debuggerAddress: localhost:2767}, networkConnectionEnabled: false, pageLoadStrategy: normal, platformName: WINDOWS, proxy: Proxy(), se:cdp: ws://localhost:2767/devtool..., se:cdpVersion: 105.0.5195.102, setWindowRect: true, strictFileInteractability: false, timeouts: {implicit: 0, pageLoad: 300000, script: 30000}, unhandledPromptBehavior: dismiss and notify, webauthn:extension:credBlob: true, webauthn:extension:largeBlob: true, webauthn:virtualAuthenticators: true}
Session ID: 92a4fc83e0a03d2decad2a2b2c49718b
	at org.openqa.selenium.support.ui.WebDriverWait.timeoutException(WebDriverWait.java:87)
	at org.openqa.selenium.support.ui.FluentWait.until(FluentWait.java:231)
	at stepDef.openMrsStep.i_type_for_the_attachment(openMrsStep.java:413)
	at ✽.I type for the attachment(classpath:Feature//openMRS.feature:107)
]]></failure>
    <system-out><![CDATA[
@Attachment
Scenario: Add the attachment     # Feature//openMRS.feature:105
  Given I am on Attachments Page # stepDef.openMrsStep.i_am_on_attachments_page()
  When I type for the attachment # stepDef.openMrsStep.i_type_for_the_attachment()
      org.openqa.selenium.TimeoutException: Expected condition failed: waiting for element found by By.cssSelector: textarea[placeholder='Enter a note'] to be selected (tried for 5 second(s) with 500 milliseconds interval)
Build info: version: '4.4.0', revision: 'e5c75ed026a'
System info: host: 'DVCINH6099148', ip: '192.168.208.1', os.name: 'Windows 10', os.arch: 'amd64', os.version: '10.0', java.version: '1.8.0_301'
Driver info: org.openqa.selenium.chrome.ChromeDriver
Capabilities {acceptInsecureCerts: false, browserName: chrome, browserVersion: 105.0.5195.102, chrome: {chromedriverVersion: 105.0.5195.52 (412c95e51883..., userDataDir: C:\Users\soumyb\AppData\Loc...}, goog:chromeOptions: {debuggerAddress: localhost:2767}, networkConnectionEnabled: false, pageLoadStrategy: normal, platformName: WINDOWS, proxy: Proxy(), se:cdp: ws://localhost:2767/devtool..., se:cdpVersion: 105.0.5195.102, setWindowRect: true, strictFileInteractability: false, timeouts: {implicit: 0, pageLoad: 300000, script: 30000}, unhandledPromptBehavior: dismiss and notify, webauthn:extension:credBlob: true, webauthn:extension:largeBlob: true, webauthn:virtualAuthenticators: true}
Session ID: 92a4fc83e0a03d2decad2a2b2c49718b
	at org.openqa.selenium.support.ui.WebDriverWait.timeoutException(WebDriverWait.java:87)
	at org.openqa.selenium.support.ui.FluentWait.until(FluentWait.java:231)
	at stepDef.openMrsStep.i_type_for_the_attachment(openMrsStep.java:413)
	at âœ½.I type for the attachment(classpath:Feature//openMRS.feature:107)

  Then File must be attached     # stepDef.openMrsStep.file_must_be_attached()
]]></system-out>
  </testcase>
  <testcase name="runScenario[&quot;Delete a Patient&quot;, &quot;Scenarios for open MRS application&quot;](13)" classname="runner.JRunnerTest" time="7.606">
    <system-out><![CDATA[
@Delete
Scenario: Delete a Patient                  # Feature//openMRS.feature:111
  Given I am on Patients Dashboard Screen   # stepDef.openMrsStep.i_am_on_patients_dashboard_screen()
  When I click on Delete Patient            # stepDef.openMrsStep.i_click_on_delete_patient()
  And I give the Reason and Submit          # stepDef.openMrsStep.i_give_the_reason_and_submit()
  Then Patient must be Deleted Successfully # stepDef.openMrsStep.patient_must_be_deleted_successfully()
]]></system-out>
  </testcase>
  <testcase name="runScenario[&quot;Logout of the application&quot;, &quot;Scenarios for open MRS application&quot;](14)" classname="runner.JRunnerTest" time="1.529">
    <system-out><![CDATA[
@Logout
Scenario: Logout of the application                           # Feature//openMRS.feature:118
  When I click on Logout                                      # stepDef.openMrsStep.i_click_on_logout()
  Then I should be logged out of the application successfully # stepDef.openMrsStep.i_should_be_logged_out_of_the_application_successfully()
]]></system-out>
  </testcase>
</testsuite>